<?xml version="1.0" encoding="UTF-8"?>
<!-- Generated by org.testng.reporters.JUnitXMLReporter -->
<testsuite ignored="1" hostname="Sanju" failures="0" tests="1" name="Default test" time="1.066" errors="0" timestamp="2025-04-19T17:20:40 IST">
  <testcase classname="com.testpages.TestHomePage" name="test03" time="1.0"/>
  <testcase classname="com.testpages.TestHomePage" name="checkAddRemoveElement" time="0.0">
    <ignored/>
  </testcase> <!-- checkAddRemoveElement -->
</testsuite> <!-- Default test -->
