<?xml version="1.0" encoding="UTF-8"?>
<testng-results ignored="0" total="1" passed="1" failed="0" skipped="0">
  <reporter-output>
  </reporter-output>
  <suite started-at="2025-04-19T17:20:39 IST" name="Default suite" finished-at="2025-04-19T17:20:40 IST" duration-ms="1066">
    <groups>
    </groups>
    <test started-at="2025-04-19T17:20:39 IST" name="Default test" finished-at="2025-04-19T17:20:40 IST" duration-ms="1066">
      <class name="com.testpages.TestHomePage">
        <test-method is-config="true" signature="setup()[pri:0, instance:com.testpages.TestHomePage@3e96bacf]" started-at="2025-04-19T17:20:33 IST" name="setup" finished-at="2025-04-19T17:20:39 IST" duration-ms="5602" status="PASS">
          <reporter-output>
          </reporter-output>
        </test-method> <!-- setup -->
        <test-method signature="test03()[pri:0, instance:com.testpages.TestHomePage@3e96bacf]" started-at="2025-04-19T17:20:39 IST" name="test03" finished-at="2025-04-19T17:20:40 IST" duration-ms="1000" status="PASS">
          <reporter-output>
          </reporter-output>
        </test-method> <!-- test03 -->
      </class> <!-- com.testpages.TestHomePage -->
    </test> <!-- Default test -->
  </suite> <!-- Default suite -->
</testng-results>
