<?xml version="1.0" encoding="UTF-8"?>
<testng-results ignored="0" total="1" passed="1" failed="0" skipped="0">
  <reporter-output>
  </reporter-output>
  <suite started-at="2025-04-06T16:44:33 IST" name="Default suite" finished-at="2025-04-06T16:44:40 IST" duration-ms="6371">
    <groups>
    </groups>
    <test started-at="2025-04-06T16:44:33 IST" name="Default test" finished-at="2025-04-06T16:44:40 IST" duration-ms="6371">
      <class name="com.testpages.TestAddRemovePage">
        <test-method is-config="true" signature="setUp()[pri:0, instance:com.testpages.TestAddRemovePage@58ea606c]" started-at="2025-04-06T16:44:34 IST" name="setUp" finished-at="2025-04-06T16:44:39 IST" duration-ms="5517" status="PASS">
          <reporter-output>
          </reporter-output>
        </test-method> <!-- setUp -->
        <test-method signature="addingElement()[pri:0, instance:com.testpages.TestAddRemovePage@58ea606c]" started-at="2025-04-06T16:44:39 IST" name="addingElement" finished-at="2025-04-06T16:44:40 IST" duration-ms="771" status="PASS">
          <reporter-output>
          </reporter-output>
        </test-method> <!-- addingElement -->
      </class> <!-- com.testpages.TestAddRemovePage -->
    </test> <!-- Default test -->
  </suite> <!-- Default suite -->
</testng-results>
